<?xml version="1.0" encoding="UTF-8"?>
<testsuite xmlns:xsi="http://www.w3.org/2001/XMLSchema-instance" xsi:noNamespaceSchemaLocation="https://maven.apache.org/surefire/maven-surefire-plugin/xsd/surefire-test-report.xsd" name="Scenario: Login to FreeCRM with valid credentials" time="46.823" tests="15" errors="0" skipped="0" failures="0">
  <properties>
[...]
</properties>
  <testcase name="Given User is on the homepage" classname="| testuser_1 | Test@153 |" time="0.005"/>
  <testcase name="When user naviagtes to LoginPage" classname="| testuser_1 | Test@153 |" time="0.001"/>
  <testcase name="And User enters  &quot;testuser_1&quot; and &quot;Test@153&quot;" classname="| testuser_1 | Test@153 |" time="0"/>
  <testcase name="Then Message displayed login successfull" classname="| testuser_1 | Test@153 |" time="0"/>
  <testcase name="| testuser_1 | Test@153 |" classname="| testuser_1 | Test@153 |" time="0.001"/>
  <testcase name="Given User is on the homepage" classname="| testuser_2 | Test@153 |" time="0"/>
  <testcase name="When user naviagtes to LoginPage" classname="| testuser_2 | Test@153 |" time="0"/>
  <testcase name="And User enters  &quot;testuser_2&quot; and &quot;Test@153&quot;" classname="| testuser_2 | Test@153 |" time="0"/>
  <testcase name="Then Message displayed login successfull" classname="| testuser_2 | Test@153 |" time="0"/>
  <testcase name="| testuser_2 | Test@153 |" classname="| testuser_2 | Test@153 |" time="0"/>
  <testcase name="Given Open Chrome and load page" classname="Scenario: Login to FreeCRM with valid credentials" time="0"/>
  <testcase name="When I enter valid username and password" classname="Scenario: Login to FreeCRM with valid credentials" time="0"/>
  <testcase name="And click on Login button" classname="Scenario: Login to FreeCRM with valid credentials" time="0"/>
  <testcase name="Then user should login successfully" classname="Scenario: Login to FreeCRM with valid credentials" time="0"/>
  <testcase name="Scenario: Login to FreeCRM with valid credentials" classname="Scenario: Login to FreeCRM with valid credentials" time="0.001"/>
</testsuite>